ERC report (2026-03-31T11:50:11, Encoding UTF8)
Report includes: Errors, Warnings

***** Sheet /
[pin_not_connected]: Pin not connected
    ; error
    @(3800 mils, 2150 mils): Symbol U1 Pin 1 [D+, Input, Line]
[pin_not_driven]: Input pin not driven by any Output pins
    ; error
    @(3800 mils, 2150 mils): Symbol U1 Pin 1 [D+, Input, Line]
[pin_not_connected]: Pin not connected
    ; error
    @(3800 mils, 2250 mils): Symbol U1 Pin 2 [TX0/PD3, Input, Line]
[pin_not_driven]: Input pin not driven by any Output pins
    ; error
    @(3800 mils, 2250 mils): Symbol U1 Pin 2 [TX0/PD3, Input, Line]
[pin_not_connected]: Pin not connected
    ; error
    @(3800 mils, 2350 mils): Symbol U1 Pin 3 [RX1/PD2, Input, Line]
[pin_not_driven]: Input pin not driven by any Output pins
    ; error
    @(3800 mils, 2350 mils): Symbol U1 Pin 3 [RX1/PD2, Input, Line]
[pin_not_connected]: Pin not connected
    ; error
    @(3800 mils, 2450 mils): Symbol U1 Pin 4 [GND, Input, Line]
[pin_not_driven]: Input pin not driven by any Output pins
    ; error
    @(3800 mils, 2450 mils): Symbol U1 Pin 4 [GND, Input, Line]
[pin_not_connected]: Pin not connected
    ; error
    @(5000 mils, 2150 mils): Symbol U1 Pin 14 [D-, Input, Line]
[pin_not_driven]: Input pin not driven by any Output pins
    ; error
    @(5000 mils, 2150 mils): Symbol U1 Pin 14 [D-, Input, Line]
[pin_not_connected]: Pin not connected
    ; error
    @(5000 mils, 2250 mils): Symbol U1 Pin 15 [RAW, Input, Line]
[pin_not_driven]: Input pin not driven by any Output pins
    ; error
    @(5000 mils, 2250 mils): Symbol U1 Pin 15 [RAW, Input, Line]
[pin_not_connected]: Pin not connected
    ; error
    @(5000 mils, 2350 mils): Symbol U1 Pin 16 [GND, Input, Line]
[pin_not_driven]: Input pin not driven by any Output pins
    ; error
    @(5000 mils, 2350 mils): Symbol U1 Pin 16 [GND, Input, Line]
[pin_not_connected]: Pin not connected
    ; error
    @(5000 mils, 2450 mils): Symbol U1 Pin 17 [RST, Input, Line]
[pin_not_driven]: Input pin not driven by any Output pins
    ; error
    @(5000 mils, 2450 mils): Symbol U1 Pin 17 [RST, Input, Line]
[pin_not_connected]: Pin not connected
    ; error
    @(5000 mils, 2750 mils): Symbol U1 Pin 20 [A2/PF5, Input, Line]
[pin_not_driven]: Input pin not driven by any Output pins
    ; error
    @(5000 mils, 2750 mils): Symbol U1 Pin 20 [A2/PF5, Input, Line]
[pin_not_connected]: Pin not connected
    ; error
    @(5000 mils, 3150 mils): Symbol U1 Pin 24 [14/PB3, Input, Line]
[pin_not_driven]: Input pin not driven by any Output pins
    ; error
    @(5000 mils, 3150 mils): Symbol U1 Pin 24 [14/PB3, Input, Line]
[pin_not_connected]: Pin not connected
    ; error
    @(6900 mils, 2350 mils): Symbol DS1 Pin 11 [D7, Bidirectional, Line]
[pin_not_connected]: Pin not connected
    ; error
    @(6900 mils, 2500 mils): Symbol DS1 Pin 10 [D6, Bidirectional, Line]
[pin_not_connected]: Pin not connected
    ; error
    @(6900 mils, 2650 mils): Symbol DS1 Pin 9 [D5, Bidirectional, Line]
[pin_not_connected]: Pin not connected
    ; error
    @(6900 mils, 2800 mils): Symbol DS1 Pin 8 [D4, Bidirectional, Line]
[pin_not_connected]: Pin not connected
    ; error
    @(6900 mils, 2950 mils): Symbol DS1 Pin 7 [D3, Bidirectional, Line]
[pin_not_connected]: Pin not connected
    ; error
    @(6900 mils, 3100 mils): Symbol DS1 Pin 6 [D2, Bidirectional, Line]
[power_pin_not_driven]: Input Power pin not driven by any Output Power pins
    ; error
    @(7350 mils, 2000 mils): Symbol DS1 Pin 1 [VSS(GND), Power input, Line]
[pin_not_driven]: Input pin not driven by any Output pins
    ; error
    @(7800 mils, 2200 mils): Symbol DS1 Pin 16 [CS, Input, Line]
[pin_not_driven]: Input pin not driven by any Output pins
    ; error
    @(7800 mils, 2450 mils): Symbol DS1 Pin 15 [RES, Input, Line]
[power_pin_not_driven]: Input Power pin not driven by any Output Power pins
    ; error
    @(7350 mils, 3700 mils): Symbol DS1 Pin 2 [VCC_IN, Power input, Line]
[pin_not_driven]: Input pin not driven by any Output pins
    ; error
    @(7800 mils, 2700 mils): Symbol DS1 Pin 14 [D/C#, Input, Line]
[pin_not_connected]: Pin not connected
    ; error
    @(7800 mils, 2950 mils): Symbol DS1 Pin 13 [R/W#, Input, Line]
[pin_not_driven]: Input pin not driven by any Output pins
    ; error
    @(7800 mils, 2950 mils): Symbol DS1 Pin 13 [R/W#, Input, Line]
[pin_not_connected]: Pin not connected
    ; error
    @(7800 mils, 3200 mils): Symbol DS1 Pin 12 [E/RD#, Input, Line]
[pin_not_driven]: Input pin not driven by any Output pins
    ; error
    @(7800 mils, 3200 mils): Symbol DS1 Pin 12 [E/RD#, Input, Line]
[footprint_link_issues]: The current configuration does not include the footprint library ''
    ; warning
    @(7350 mils, 2850 mils): Symbol DS1 [TZT_5.5_OLED_SSD1322]

 ** ERC messages: 36  Errors 35  Warnings 1

 ** Ignored checks:
    - Global label only appears once in the schematic
    - Four connection points are joined together
    - SPICE model issue
    - Assigned footprint doesn't match footprint filters
